  TurtleYacc.tab.cpp
c:\users\keyul\documents\visual studio 2015\projects\cst 320 assignment 3\cst 320 assignment 3\turtleyacc.tab.cpp(1129): warning C4065: switch statement contains 'default' but no 'case' labels
c:\users\keyul\documents\visual studio 2015\projects\cst 320 assignment 3\cst 320 assignment 3\turtleyacc.y(85): error C2664: 'IfTreeNode *TreeNodeFactory::CreateIf(TreeNode *,BlockTreeNode *)': cannot convert argument 2 from 'TreeNode *' to 'BlockTreeNode *'
  c:\users\keyul\documents\visual studio 2015\projects\cst 320 assignment 3\cst 320 assignment 3\turtleyacc.y(85): note: Types pointed to are unrelated; conversion requires reinterpret_cast, C-style cast or function-style cast
c:\users\keyul\documents\visual studio 2015\projects\cst 320 assignment 3\cst 320 assignment 3\turtleyacc.y(86): error C2664: 'IfElseTreeNode *TreeNodeFactory::CreateIfElse(TreeNode *,BlockTreeNode *,BlockTreeNode *)': cannot convert argument 2 from 'TreeNode *' to 'BlockTreeNode *'
  c:\users\keyul\documents\visual studio 2015\projects\cst 320 assignment 3\cst 320 assignment 3\turtleyacc.y(86): note: Types pointed to are unrelated; conversion requires reinterpret_cast, C-style cast or function-style cast
c:\users\keyul\documents\visual studio 2015\projects\cst 320 assignment 3\cst 320 assignment 3\turtleyacc.y(87): error C2664: 'RepeatTreeNode *TreeNodeFactory::CreateRepeat(TreeNode *,BlockTreeNode *)': cannot convert argument 2 from 'TreeNode *' to 'BlockTreeNode *'
  c:\users\keyul\documents\visual studio 2015\projects\cst 320 assignment 3\cst 320 assignment 3\turtleyacc.y(87): note: Types pointed to are unrelated; conversion requires reinterpret_cast, C-style cast or function-style cast
c:\users\keyul\documents\visual studio 2015\projects\cst 320 assignment 3\cst 320 assignment 3\turtleyacc.y(100): error C2039: 'colortype': is not a member of 'YYSTYPE'
  c:\users\keyul\documents\visual studio 2015\projects\cst 320 assignment 3\cst 320 assignment 3\turtleyacc.tab.cpp(145): note: see declaration of 'YYSTYPE'
  TurtleLex.flex.cpp
d:\visual studio\vc\include\stdint.h(48): warning C4005: 'INT8_MIN': macro redefinition
  c:\users\keyul\documents\visual studio 2015\projects\cst 320 assignment 3\cst 320 assignment 3\turtlelex.flex.cpp(60): note: see previous definition of 'INT8_MIN'
d:\visual studio\vc\include\stdint.h(49): warning C4005: 'INT16_MIN': macro redefinition
  c:\users\keyul\documents\visual studio 2015\projects\cst 320 assignment 3\cst 320 assignment 3\turtlelex.flex.cpp(63): note: see previous definition of 'INT16_MIN'
d:\visual studio\vc\include\stdint.h(50): warning C4005: 'INT32_MIN': macro redefinition
  c:\users\keyul\documents\visual studio 2015\projects\cst 320 assignment 3\cst 320 assignment 3\turtlelex.flex.cpp(66): note: see previous definition of 'INT32_MIN'
d:\visual studio\vc\include\stdint.h(52): warning C4005: 'INT8_MAX': macro redefinition
  c:\users\keyul\documents\visual studio 2015\projects\cst 320 assignment 3\cst 320 assignment 3\turtlelex.flex.cpp(69): note: see previous definition of 'INT8_MAX'
d:\visual studio\vc\include\stdint.h(53): warning C4005: 'INT16_MAX': macro redefinition
  c:\users\keyul\documents\visual studio 2015\projects\cst 320 assignment 3\cst 320 assignment 3\turtlelex.flex.cpp(72): note: see previous definition of 'INT16_MAX'
d:\visual studio\vc\include\stdint.h(54): warning C4005: 'INT32_MAX': macro redefinition
  c:\users\keyul\documents\visual studio 2015\projects\cst 320 assignment 3\cst 320 assignment 3\turtlelex.flex.cpp(75): note: see previous definition of 'INT32_MAX'
d:\visual studio\vc\include\stdint.h(56): warning C4005: 'UINT8_MAX': macro redefinition
  c:\users\keyul\documents\visual studio 2015\projects\cst 320 assignment 3\cst 320 assignment 3\turtlelex.flex.cpp(78): note: see previous definition of 'UINT8_MAX'
d:\visual studio\vc\include\stdint.h(57): warning C4005: 'UINT16_MAX': macro redefinition
  c:\users\keyul\documents\visual studio 2015\projects\cst 320 assignment 3\cst 320 assignment 3\turtlelex.flex.cpp(81): note: see previous definition of 'UINT16_MAX'
d:\visual studio\vc\include\stdint.h(58): warning C4005: 'UINT32_MAX': macro redefinition
  c:\users\keyul\documents\visual studio 2015\projects\cst 320 assignment 3\cst 320 assignment 3\turtlelex.flex.cpp(84): note: see previous definition of 'UINT32_MAX'
c:\users\keyul\documents\visual studio 2015\projects\cst 320 assignment 3\cst 320 assignment 3\turtlelex.l(45): error C2039: 'colortype': is not a member of 'YYSTYPE'
  c:\users\keyul\documents\visual studio 2015\projects\cst 320 assignment 3\cst 320 assignment 3\turtleyacc.tab.h(71): note: see declaration of 'YYSTYPE'
c:\users\keyul\documents\visual studio 2015\projects\cst 320 assignment 3\cst 320 assignment 3\turtlelex.l(46): error C2039: 'colortype': is not a member of 'YYSTYPE'
  c:\users\keyul\documents\visual studio 2015\projects\cst 320 assignment 3\cst 320 assignment 3\turtleyacc.tab.h(71): note: see declaration of 'YYSTYPE'
c:\users\keyul\documents\visual studio 2015\projects\cst 320 assignment 3\cst 320 assignment 3\turtlelex.l(47): error C2039: 'colortype': is not a member of 'YYSTYPE'
  c:\users\keyul\documents\visual studio 2015\projects\cst 320 assignment 3\cst 320 assignment 3\turtleyacc.tab.h(71): note: see declaration of 'YYSTYPE'
c:\users\keyul\documents\visual studio 2015\projects\cst 320 assignment 3\cst 320 assignment 3\turtlelex.l(48): error C2039: 'colortype': is not a member of 'YYSTYPE'
  c:\users\keyul\documents\visual studio 2015\projects\cst 320 assignment 3\cst 320 assignment 3\turtleyacc.tab.h(71): note: see declaration of 'YYSTYPE'
c:\users\keyul\documents\visual studio 2015\projects\cst 320 assignment 3\cst 320 assignment 3\turtlelex.l(49): error C2039: 'colortype': is not a member of 'YYSTYPE'
  c:\users\keyul\documents\visual studio 2015\projects\cst 320 assignment 3\cst 320 assignment 3\turtleyacc.tab.h(71): note: see declaration of 'YYSTYPE'
c:\users\keyul\documents\visual studio 2015\projects\cst 320 assignment 3\cst 320 assignment 3\turtlelex.l(50): error C2039: 'colortype': is not a member of 'YYSTYPE'
  c:\users\keyul\documents\visual studio 2015\projects\cst 320 assignment 3\cst 320 assignment 3\turtleyacc.tab.h(71): note: see declaration of 'YYSTYPE'
c:\users\keyul\documents\visual studio 2015\projects\cst 320 assignment 3\cst 320 assignment 3\turtlelex.l(51): error C2039: 'colortype': is not a member of 'YYSTYPE'
  c:\users\keyul\documents\visual studio 2015\projects\cst 320 assignment 3\cst 320 assignment 3\turtleyacc.tab.h(71): note: see declaration of 'YYSTYPE'
c:\users\keyul\documents\visual studio 2015\projects\cst 320 assignment 3\cst 320 assignment 3\turtlelex.l(52): error C2039: 'colortype': is not a member of 'YYSTYPE'
  c:\users\keyul\documents\visual studio 2015\projects\cst 320 assignment 3\cst 320 assignment 3\turtleyacc.tab.h(71): note: see declaration of 'YYSTYPE'
c:\users\keyul\documents\visual studio 2015\projects\cst 320 assignment 3\cst 320 assignment 3\turtlelex.l(53): error C2039: 'colortype': is not a member of 'YYSTYPE'
  c:\users\keyul\documents\visual studio 2015\projects\cst 320 assignment 3\cst 320 assignment 3\turtleyacc.tab.h(71): note: see declaration of 'YYSTYPE'
c:\users\keyul\documents\visual studio 2015\projects\cst 320 assignment 3\cst 320 assignment 3\turtlelex.l(54): error C2039: 'colortype': is not a member of 'YYSTYPE'
  c:\users\keyul\documents\visual studio 2015\projects\cst 320 assignment 3\cst 320 assignment 3\turtleyacc.tab.h(71): note: see declaration of 'YYSTYPE'
c:\users\keyul\documents\visual studio 2015\projects\cst 320 assignment 3\cst 320 assignment 3\turtlelex.l(55): error C2039: 'colortype': is not a member of 'YYSTYPE'
  c:\users\keyul\documents\visual studio 2015\projects\cst 320 assignment 3\cst 320 assignment 3\turtleyacc.tab.h(71): note: see declaration of 'YYSTYPE'
c:\users\keyul\documents\visual studio 2015\projects\cst 320 assignment 3\cst 320 assignment 3\turtlelex.l(56): error C2039: 'colortype': is not a member of 'YYSTYPE'
  c:\users\keyul\documents\visual studio 2015\projects\cst 320 assignment 3\cst 320 assignment 3\turtleyacc.tab.h(71): note: see declaration of 'YYSTYPE'
c:\users\keyul\documents\visual studio 2015\projects\cst 320 assignment 3\cst 320 assignment 3\turtlelex.l(56): error C2065: 'TURQOISE': undeclared identifier
c:\users\keyul\documents\visual studio 2015\projects\cst 320 assignment 3\cst 320 assignment 3\turtlelex.l(57): error C2039: 'colortype': is not a member of 'YYSTYPE'
  c:\users\keyul\documents\visual studio 2015\projects\cst 320 assignment 3\cst 320 assignment 3\turtleyacc.tab.h(71): note: see declaration of 'YYSTYPE'
c:\users\keyul\documents\visual studio 2015\projects\cst 320 assignment 3\cst 320 assignment 3\turtlelex.l(58): error C2039: 'colortype': is not a member of 'YYSTYPE'
  c:\users\keyul\documents\visual studio 2015\projects\cst 320 assignment 3\cst 320 assignment 3\turtleyacc.tab.h(71): note: see declaration of 'YYSTYPE'
c:\users\keyul\documents\visual studio 2015\projects\cst 320 assignment 3\cst 320 assignment 3\turtlelex.l(59): error C2039: 'colortype': is not a member of 'YYSTYPE'
  c:\users\keyul\documents\visual studio 2015\projects\cst 320 assignment 3\cst 320 assignment 3\turtleyacc.tab.h(71): note: see declaration of 'YYSTYPE'
  TurtleCompiler.cpp
c:\users\keyul\documents\visual studio 2015\projects\cst 320 assignment 3\cst 320 assignment 3\turtlecompiler.cpp(13): fatal error C1083: Cannot open include file: 'TurtleYacc.h': No such file or directory
  Generating Code...
